[INFO  - 2021-08-23T21:49:34.852Z] GhostDriver - Main - running on port 55710
[INFO  - 2021-08-23T21:49:37.014Z] Session [02ae1c30-045c-11ec-a6a1-bf85c1d02d07] - page.settings - {"XSSAuditingEnabled":false,"javascriptCanCloseWindows":true,"javascriptCanOpenWindows":true,"javascriptEnabled":true,"loadImages":true,"localToRemoteUrlAccessEnabled":false,"userAgent":"Mozilla/5.0 (Windows NT 6.2; WOW64) AppleWebKit/538.1 (KHTML, like Gecko) PhantomJS/2.1.1 Safari/538.1","webSecurityEnabled":true}
[INFO  - 2021-08-23T21:49:37.014Z] Session [02ae1c30-045c-11ec-a6a1-bf85c1d02d07] - page.customHeaders:  - {}
[INFO  - 2021-08-23T21:49:37.014Z] Session [02ae1c30-045c-11ec-a6a1-bf85c1d02d07] - Session.negotiatedCapabilities - {"browserName":"phantomjs","version":"2.1.1","driverName":"ghostdriver","driverVersion":"1.2.0","platform":"windows-10-32bit","javascriptEnabled":true,"takesScreenshot":true,"handlesAlerts":false,"databaseEnabled":false,"locationContextEnabled":false,"applicationCacheEnabled":false,"browserConnectionEnabled":false,"cssSelectorsEnabled":true,"webStorageEnabled":false,"rotatable":false,"acceptSslCerts":false,"nativeEvents":true,"proxy":{"proxyType":"direct"}}
[INFO  - 2021-08-23T21:49:37.014Z] SessionManagerReqHand - _postNewSessionCommand - New Session Created: 02ae1c30-045c-11ec-a6a1-bf85c1d02d07
[ERROR - 2021-08-23T21:49:37.609Z] Session [02ae1c30-045c-11ec-a6a1-bf85c1d02d07] - page.onError - msg: ReferenceError: Can't find variable: WeakMap

  phantomjs://platform/console++.js:263 in error
[ERROR - 2021-08-23T21:49:37.609Z] Session [02ae1c30-045c-11ec-a6a1-bf85c1d02d07] - page.onError - stack:
  (anonymous function) (https://stpd.cloud/assets/hb/polovniautomobilicom.js:219)
  f (https://stpd.cloud/assets/hb/polovniautomobilicom.js:219)
  (anonymous function) (https://stpd.cloud/assets/hb/polovniautomobilicom.js:219)
  f (https://stpd.cloud/assets/hb/polovniautomobilicom.js:219)
  (anonymous function) (https://stpd.cloud/assets/hb/polovniautomobilicom.js:219)
  f (https://stpd.cloud/assets/hb/polovniautomobilicom.js:219)
  (anonymous function) (https://stpd.cloud/assets/hb/polovniautomobilicom.js:219)
  f (https://stpd.cloud/assets/hb/polovniautomobilicom.js:219)
  (anonymous function) (https://stpd.cloud/assets/hb/polovniautomobilicom.js:219)
  f (https://stpd.cloud/assets/hb/polovniautomobilicom.js:219)
  (anonymous function) (https://stpd.cloud/assets/hb/polovniautomobilicom.js:219)
  f (https://stpd.cloud/assets/hb/polovniautomobilicom.js:219)
  (anonymous function) (https://stpd.cloud/assets/hb/polovniautomobilicom.js:219)
  f (https://stpd.cloud/assets/hb/polovniautomobilicom.js:219)
  (anonymous function) (https://stpd.cloud/assets/hb/polovniautomobilicom.js:219)
  f (https://stpd.cloud/assets/hb/polovniautomobilicom.js:219)
  (anonymous function) (https://stpd.cloud/assets/hb/polovniautomobilicom.js:219)
  f (https://stpd.cloud/assets/hb/polovniautomobilicom.js:219)
  (anonymous function) (https://stpd.cloud/assets/hb/polovniautomobilicom.js:219)

  phantomjs://platform/console++.js:263 in error
[ERROR - 2021-08-23T21:49:39.672Z] Session [02ae1c30-045c-11ec-a6a1-bf85c1d02d07] - page.onError - msg: ReferenceError: Can't find variable: Set

  phantomjs://platform/console++.js:263 in error
[ERROR - 2021-08-23T21:49:39.673Z] Session [02ae1c30-045c-11ec-a6a1-bf85c1d02d07] - page.onError - stack:
  (anonymous function) (https://rsgde.adocean.pl/files/akimnjxkmmy/opqqhnftui/kiprexgqow/index.html:65)
  (anonymous function) (https://rsgde.adocean.pl/files/akimnjxkmmy/opqqhnftui/kiprexgqow/index.html:65)

  phantomjs://platform/console++.js:263 in error
[ERROR - 2021-08-23T21:49:39.673Z] Session [02ae1c30-045c-11ec-a6a1-bf85c1d02d07] - page.onError - msg: ReferenceError: Can't find variable: customElements

  phantomjs://platform/console++.js:263 in error
[ERROR - 2021-08-23T21:49:39.673Z] Session [02ae1c30-045c-11ec-a6a1-bf85c1d02d07] - page.onError - stack:
  (anonymous function) (https://rsgde.adocean.pl/files/akimnjxkmmy/opqqhnftui/kiprexgqow/index.html:117)

  phantomjs://platform/console++.js:263 in error
[ERROR - 2021-08-23T21:49:39.674Z] Session [02ae1c30-045c-11ec-a6a1-bf85c1d02d07] - page.onError - msg: ReferenceError: Can't find variable: customElements

  phantomjs://platform/console++.js:263 in error
[ERROR - 2021-08-23T21:49:39.674Z] Session [02ae1c30-045c-11ec-a6a1-bf85c1d02d07] - page.onError - stack:
  (anonymous function) (https://rsgde.adocean.pl/files/akimnjxkmmy/opqqhnftui/kiprexgqow/index.html:137)

  phantomjs://platform/console++.js:263 in error
[ERROR - 2021-08-23T21:49:39.896Z] Session [02ae1c30-045c-11ec-a6a1-bf85c1d02d07] - page.onError - msg: ReferenceError: Can't find variable: customElements

  phantomjs://platform/console++.js:263 in error
[ERROR - 2021-08-23T21:49:39.896Z] Session [02ae1c30-045c-11ec-a6a1-bf85c1d02d07] - page.onError - stack:
  (anonymous function) (https://rsgde.adocean.pl/files/akimnjxkmmy/opqqhnftui/kiprexgqow/index.html:172)

  phantomjs://platform/console++.js:263 in error
[ERROR - 2021-08-23T21:49:39.897Z] Session [02ae1c30-045c-11ec-a6a1-bf85c1d02d07] - page.onError - msg: ReferenceError: Can't find variable: customElements

  phantomjs://platform/console++.js:263 in error
[ERROR - 2021-08-23T21:49:39.897Z] Session [02ae1c30-045c-11ec-a6a1-bf85c1d02d07] - page.onError - stack:
  (anonymous function) (https://rsgde.adocean.pl/files/akimnjxkmmy/opqqhnftui/kiprexgqow/index.html:190)

  phantomjs://platform/console++.js:263 in error
